This is pdfTeX, Version 3.14159265-2.6-1.40.18 (MiKTeX 2.9.6350 64-bit) (preloaded format=pdflatex 2017.6.24)  28 DEC 2017 16:02
entering extended mode
**"./data based optimization.tex"
("data based optimization.tex"
LaTeX2e <2017-04-15>
Babel <3.10> and hyphenation patterns for 75 language(s) loaded.
(elsarticle.cls
Document Class: elsarticle 2010/06/11, 1.21: Elsevier Ltd
\@bls=\dimen102
("C:\Program Files\MiKTeX 2.9\tex\latex\base\article.cls"
Document Class: article 2014/09/29 v1.4h Standard LaTeX document class
("C:\Program Files\MiKTeX 2.9\tex\latex\base\size10.clo"
File: size10.clo 2014/09/29 v1.4h Standard LaTeX file (size option)
)
\c@part=\count79
\c@section=\count80
\c@subsection=\count81
\c@subsubsection=\count82
\c@paragraph=\count83
\c@subparagraph=\count84
\c@figure=\count85
\c@table=\count86
\abovecaptionskip=\skip41
\belowcaptionskip=\skip42
\bibindent=\dimen103
)
("C:\Program Files\MiKTeX 2.9\tex\latex\graphics\graphicx.sty"
Package: graphicx 2014/10/28 v1.0g Enhanced LaTeX Graphics (DPC,SPQR)

("C:\Program Files\MiKTeX 2.9\tex\latex\graphics\keyval.sty"
Package: keyval 2014/10/28 v1.15 key=value parser (DPC)
\KV@toks@=\toks14
)
("C:\Program Files\MiKTeX 2.9\tex\latex\graphics\graphics.sty"
Package: graphics 2017/04/14 v1.1b Standard LaTeX Graphics (DPC,SPQR)

("C:\Program Files\MiKTeX 2.9\tex\latex\graphics\trig.sty"
Package: trig 2016/01/03 v1.10 sin cos tan (DPC)
)
("C:\Program Files\MiKTeX 2.9\tex\latex\graphics-cfg\graphics.cfg"
File: graphics.cfg 2016/06/04 v1.11 sample graphics configuration
)
Package graphics Info: Driver file: pdftex.def on input line 99.

("C:\Program Files\MiKTeX 2.9\tex\latex\graphics-def\pdftex.def"
File: pdftex.def 2017/01/12 v0.06k Graphics/color for pdfTeX

("C:\Program Files\MiKTeX 2.9\tex\generic\oberdiek\infwarerr.sty"
Package: infwarerr 2016/05/16 v1.4 Providing info/warning/error messages (HO)
)
("C:\Program Files\MiKTeX 2.9\tex\generic\oberdiek\ltxcmds.sty"
Package: ltxcmds 2016/05/16 v1.23 LaTeX kernel commands for general use (HO)
)
\Gread@gobject=\count87
))
\Gin@req@height=\dimen104
\Gin@req@width=\dimen105
)
("C:\Program Files\MiKTeX 2.9\tex\latex\psnfss\pifont.sty"
Package: pifont 2005/04/12 PSNFSS-v9.2a Pi font support (SPQR) 
LaTeX Font Info:    Try loading font information for U+pzd on input line 63.

("C:\Program Files\MiKTeX 2.9\tex\latex\psnfss\upzd.fd"
File: upzd.fd 2001/06/04 font definitions for U/pzd.
)
LaTeX Font Info:    Try loading font information for U+psy on input line 64.

("C:\Program Files\MiKTeX 2.9\tex\latex\psnfss\upsy.fd"
File: upsy.fd 2001/06/04 font definitions for U/psy.
))
\c@tnote=\count88
\c@fnote=\count89
\c@cnote=\count90
\c@ead=\count91
\c@author=\count92
\@eadauthor=\toks15
\c@affn=\count93
\absbox=\box26
\keybox=\box27
\Columnwidth=\dimen106
\space@left=\dimen107
\els@boxa=\box28
\els@boxb=\box29
\belowfrontmatterskip=\skip43
\leftMargin=\dimen108
\@enLab=\toks16
\@sep=\skip44
\@@sep=\skip45
\abovelistskipi=\skip46
\belowlistskipi=\skip47
\abovelistskipii=\skip48
\belowlistskipii=\skip49
\abovelistskipiii=\skip50
\belowlistskipiii=\skip51
\abovelistskipiv=\skip52
\belowlistskipiv=\skip53
\abovelistskipv=\skip54
\belowlistskipv=\skip55

("data based optimization.spl")
("C:\Program Files\MiKTeX 2.9\tex\latex\natbib\natbib.sty"
Package: natbib 2010/09/13 8.31b (PWD, AO)
\bibhang=\skip56
\bibsep=\skip57
LaTeX Info: Redefining \cite on input line 694.
\c@NAT@ctr=\count94
)
\splwrite=\write3
\openout3 = `"data based optimization.spl"'.


("C:\Program Files\MiKTeX 2.9\tex\latex\geometry\geometry.sty"
Package: geometry 2010/09/12 v5.6 Page Geometry

("C:\Program Files\MiKTeX 2.9\tex\generic\oberdiek\ifpdf.sty"
Package: ifpdf 2017/03/15 v3.2 Provides the ifpdf switch
)
("C:\Program Files\MiKTeX 2.9\tex\generic\oberdiek\ifvtex.sty"
Package: ifvtex 2016/05/16 v1.6 Detect VTeX and its facilities (HO)
Package ifvtex Info: VTeX not detected.
)
("C:\Program Files\MiKTeX 2.9\tex\generic\ifxetex\ifxetex.sty"
Package: ifxetex 2010/09/12 v0.6 Provides ifxetex conditional
)
\Gm@cnth=\count95
\Gm@cntv=\count96
\c@Gm@tempcnt=\count97
\Gm@bindingoffset=\dimen109
\Gm@wd@mp=\dimen110
\Gm@odd@mp=\dimen111
\Gm@even@mp=\dimen112
\Gm@layoutwidth=\dimen113
\Gm@layoutheight=\dimen114
\Gm@layouthoffset=\dimen115
\Gm@layoutvoffset=\dimen116
\Gm@dimlist=\toks17

("C:\Program Files\MiKTeX 2.9\tex\latex\geometry\geometry.cfg"))
("C:\Program Files\MiKTeX 2.9\tex\latex\base\fleqn.clo"
File: fleqn.clo 2016/12/29 v1.2a Standard LaTeX option (flush left equations)
\mathindent=\dimen117
Applying: [2015/01/01] Make \[ robust on input line 50.
LaTeX Info: Redefining \[ on input line 51.
Already applied: [0000/00/00] Make \[ robust on input line 62.
Applying: [2015/01/01] Make \] robust on input line 74.
LaTeX Info: Redefining \] on input line 75.
Already applied: [0000/00/00] Make \] robust on input line 83.
)
\appnamewidth=\dimen118
\tempbox=\box30
\defbox=\box31
\defboxdimen=\dimen119
)
("C:\Program Files\MiKTeX 2.9\tex\latex\txfonts\txfonts.sty"
Package: txfonts 2008/01/22 v3.2.1
LaTeX Font Info:    Redeclaring symbol font `operators' on input line 21.
LaTeX Font Info:    Overwriting symbol font `operators' in version `normal'
(Font)                  OT1/cmr/m/n --> OT1/txr/m/n on input line 21.
LaTeX Font Info:    Overwriting symbol font `operators' in version `bold'
(Font)                  OT1/cmr/bx/n --> OT1/txr/m/n on input line 21.
LaTeX Font Info:    Overwriting symbol font `operators' in version `bold'
(Font)                  OT1/txr/m/n --> OT1/txr/bx/n on input line 22.
\symitalic=\mathgroup4
LaTeX Font Info:    Overwriting symbol font `italic' in version `bold'
(Font)                  OT1/txr/m/it --> OT1/txr/bx/it on input line 26.
LaTeX Font Info:    Redeclaring math alphabet \mathbf on input line 29.
LaTeX Font Info:    Overwriting math alphabet `\mathbf' in version `normal'
(Font)                  OT1/cmr/bx/n --> OT1/txr/bx/n on input line 29.
LaTeX Font Info:    Overwriting math alphabet `\mathbf' in version `bold'
(Font)                  OT1/cmr/bx/n --> OT1/txr/bx/n on input line 29.
LaTeX Font Info:    Redeclaring math alphabet \mathit on input line 30.
LaTeX Font Info:    Overwriting math alphabet `\mathit' in version `normal'
(Font)                  OT1/cmr/m/it --> OT1/txr/m/it on input line 30.
LaTeX Font Info:    Overwriting math alphabet `\mathit' in version `bold'
(Font)                  OT1/cmr/bx/it --> OT1/txr/m/it on input line 30.
LaTeX Font Info:    Overwriting math alphabet `\mathit' in version `bold'
(Font)                  OT1/txr/m/it --> OT1/txr/bx/it on input line 31.
LaTeX Font Info:    Redeclaring math alphabet \mathsf on input line 40.
LaTeX Font Info:    Overwriting math alphabet `\mathsf' in version `normal'
(Font)                  OT1/cmss/m/n --> OT1/txss/m/n on input line 40.
LaTeX Font Info:    Overwriting math alphabet `\mathsf' in version `bold'
(Font)                  OT1/cmss/bx/n --> OT1/txss/m/n on input line 40.
LaTeX Font Info:    Overwriting math alphabet `\mathsf' in version `bold'
(Font)                  OT1/txss/m/n --> OT1/txss/b/n on input line 41.
LaTeX Font Info:    Redeclaring math alphabet \mathtt on input line 50.
LaTeX Font Info:    Overwriting math alphabet `\mathtt' in version `normal'
(Font)                  OT1/cmtt/m/n --> OT1/txtt/m/n on input line 50.
LaTeX Font Info:    Overwriting math alphabet `\mathtt' in version `bold'
(Font)                  OT1/cmtt/m/n --> OT1/txtt/m/n on input line 50.
LaTeX Font Info:    Overwriting math alphabet `\mathtt' in version `bold'
(Font)                  OT1/txtt/m/n --> OT1/txtt/b/n on input line 51.
LaTeX Font Info:    Redeclaring symbol font `letters' on input line 58.
LaTeX Font Info:    Overwriting symbol font `letters' in version `normal'
(Font)                  OML/cmm/m/it --> OML/txmi/m/it on input line 58.
LaTeX Font Info:    Overwriting symbol font `letters' in version `bold'
(Font)                  OML/cmm/b/it --> OML/txmi/m/it on input line 58.
LaTeX Font Info:    Overwriting symbol font `letters' in version `bold'
(Font)                  OML/txmi/m/it --> OML/txmi/bx/it on input line 59.
\symlettersA=\mathgroup5
LaTeX Font Info:    Overwriting symbol font `lettersA' in version `bold'
(Font)                  U/txmia/m/it --> U/txmia/bx/it on input line 67.
LaTeX Font Info:    Redeclaring symbol font `symbols' on input line 77.
LaTeX Font Info:    Overwriting symbol font `symbols' in version `normal'
(Font)                  OMS/cmsy/m/n --> OMS/txsy/m/n on input line 77.
LaTeX Font Info:    Overwriting symbol font `symbols' in version `bold'
(Font)                  OMS/cmsy/b/n --> OMS/txsy/m/n on input line 77.
LaTeX Font Info:    Overwriting symbol font `symbols' in version `bold'
(Font)                  OMS/txsy/m/n --> OMS/txsy/bx/n on input line 78.
\symAMSa=\mathgroup6
LaTeX Font Info:    Overwriting symbol font `AMSa' in version `bold'
(Font)                  U/txsya/m/n --> U/txsya/bx/n on input line 94.
\symAMSb=\mathgroup7
LaTeX Font Info:    Overwriting symbol font `AMSb' in version `bold'
(Font)                  U/txsyb/m/n --> U/txsyb/bx/n on input line 103.
\symsymbolsC=\mathgroup8
LaTeX Font Info:    Overwriting symbol font `symbolsC' in version `bold'
(Font)                  U/txsyc/m/n --> U/txsyc/bx/n on input line 113.
LaTeX Font Info:    Redeclaring symbol font `largesymbols' on input line 120.
LaTeX Font Info:    Overwriting symbol font `largesymbols' in version `normal'
(Font)                  OMX/cmex/m/n --> OMX/txex/m/n on input line 120.
LaTeX Font Info:    Overwriting symbol font `largesymbols' in version `bold'
(Font)                  OMX/cmex/m/n --> OMX/txex/m/n on input line 120.
LaTeX Font Info:    Overwriting symbol font `largesymbols' in version `bold'
(Font)                  OMX/txex/m/n --> OMX/txex/bx/n on input line 121.
\symlargesymbolsA=\mathgroup9
LaTeX Font Info:    Overwriting symbol font `largesymbolsA' in version `bold'
(Font)                  U/txexa/m/n --> U/txexa/bx/n on input line 129.
LaTeX Info: Redefining \not on input line 1043.
) (ecrc.sty
Package: ecrc 2011/05/07 v1.2a ecrc

("C:\Program Files\MiKTeX 2.9\tex\latex\base\fleqn.clo"
File: fleqn.clo 2016/12/29 v1.2a Standard LaTeX option (flush left equations)
\mathindent=\dimen120
Applying: [2015/01/01] Make \[ robust on input line 50.
LaTeX Info: Redefining \[ on input line 51.
Already applied: [0000/00/00] Make \[ robust on input line 62.
Applying: [2015/01/01] Make \] robust on input line 74.
LaTeX Info: Redefining \] on input line 75.
Already applied: [0000/00/00] Make \] robust on input line 83.
)
\dummylogowidth=\dimen121
\bibindent=\dimen122

("C:\Program Files\MiKTeX 2.9\tex\latex\base\fleqn.sty"

LaTeX Warning: inputting `fleqn.clo' instead of obsolete `fleqn.sty'.

("C:\Program Files\MiKTeX 2.9\tex\latex\base\fleqn.clo"
File: fleqn.clo 2016/12/29 v1.2a Standard LaTeX option (flush left equations)
\mathindent=\dimen123
Applying: [2015/01/01] Make \[ robust on input line 50.
LaTeX Info: Redefining \[ on input line 51.
Already applied: [0000/00/00] Make \[ robust on input line 62.
Applying: [2015/01/01] Make \] robust on input line 74.
LaTeX Info: Redefining \] on input line 75.
Already applied: [0000/00/00] Make \] robust on input line 83.
)))
("C:\Program Files\MiKTeX 2.9\tex\latex\sttools\stfloats.sty"
Package: stfloats 2017/03/27 v3.3 Improve float mechanism and baselineskip sett
ings
\@dblbotnum=\count98
\c@dblbotnumber=\count99
)
("C:\Program Files\MiKTeX 2.9\tex\latex\amsfonts\amssymb.sty"
Package: amssymb 2013/01/14 v3.01 AMS font symbols

("C:\Program Files\MiKTeX 2.9\tex\latex\amsfonts\amsfonts.sty"
Package: amsfonts 2013/01/14 v3.01 Basic AMSFonts support
\@emptytoks=\toks18
LaTeX Font Info:    Redeclaring symbol font `AMSa' on input line 59.
LaTeX Font Info:    Overwriting symbol font `AMSa' in version `normal'
(Font)                  U/txsya/m/n --> U/msa/m/n on input line 59.
LaTeX Font Info:    Overwriting symbol font `AMSa' in version `bold'
(Font)                  U/txsya/bx/n --> U/msa/m/n on input line 59.
LaTeX Font Info:    Redeclaring symbol font `AMSb' on input line 60.
LaTeX Font Info:    Overwriting symbol font `AMSb' in version `normal'
(Font)                  U/txsyb/m/n --> U/msb/m/n on input line 60.
LaTeX Font Info:    Overwriting symbol font `AMSb' in version `bold'
(Font)                  U/txsyb/bx/n --> U/msb/m/n on input line 60.
LaTeX Font Info:    Redeclaring math delimiter \ulcorner on input line 74.
LaTeX Font Info:    Redeclaring math delimiter \urcorner on input line 75.
LaTeX Font Info:    Redeclaring math delimiter \llcorner on input line 76.
LaTeX Font Info:    Redeclaring math delimiter \lrcorner on input line 77.
LaTeX Font Info:    Redeclaring math symbol \square on input line 141.
LaTeX Font Info:    Redeclaring math symbol \lozenge on input line 142.
)
LaTeX Font Info:    Redeclaring math symbol \boxdot on input line 44.
LaTeX Font Info:    Redeclaring math symbol \boxplus on input line 45.
LaTeX Font Info:    Redeclaring math symbol \boxtimes on input line 46.
LaTeX Font Info:    Redeclaring math symbol \blacksquare on input line 48.
LaTeX Font Info:    Redeclaring math symbol \centerdot on input line 49.
LaTeX Font Info:    Redeclaring math symbol \blacklozenge on input line 51.
LaTeX Font Info:    Redeclaring math symbol \circlearrowright on input line 52.

LaTeX Font Info:    Redeclaring math symbol \circlearrowleft on input line 53.
LaTeX Font Info:    Redeclaring math symbol \leftrightharpoons on input line 56
.
LaTeX Font Info:    Redeclaring math symbol \boxminus on input line 57.
LaTeX Font Info:    Redeclaring math symbol \Vdash on input line 58.
LaTeX Font Info:    Redeclaring math symbol \Vvdash on input line 59.
LaTeX Font Info:    Redeclaring math symbol \vDash on input line 60.
LaTeX Font Info:    Redeclaring math symbol \twoheadrightarrow on input line 61
.
LaTeX Font Info:    Redeclaring math symbol \twoheadleftarrow on input line 62.

LaTeX Font Info:    Redeclaring math symbol \leftleftarrows on input line 63.
LaTeX Font Info:    Redeclaring math symbol \rightrightarrows on input line 64.

LaTeX Font Info:    Redeclaring math symbol \upuparrows on input line 65.
LaTeX Font Info:    Redeclaring math symbol \downdownarrows on input line 66.
LaTeX Font Info:    Redeclaring math symbol \upharpoonright on input line 67.
LaTeX Font Info:    Redeclaring math symbol \downharpoonright on input line 69.

LaTeX Font Info:    Redeclaring math symbol \upharpoonleft on input line 70.
LaTeX Font Info:    Redeclaring math symbol \downharpoonleft on input line 71.
LaTeX Font Info:    Redeclaring math symbol \rightarrowtail on input line 72.
LaTeX Font Info:    Redeclaring math symbol \leftarrowtail on input line 73.
LaTeX Font Info:    Redeclaring math symbol \leftrightarrows on input line 74.
LaTeX Font Info:    Redeclaring math symbol \rightleftarrows on input line 75.
LaTeX Font Info:    Redeclaring math symbol \Lsh on input line 76.
LaTeX Font Info:    Redeclaring math symbol \Rsh on input line 77.
LaTeX Font Info:    Redeclaring math symbol \leftrightsquigarrow on input line 
79.
LaTeX Font Info:    Redeclaring math symbol \looparrowleft on input line 80.
LaTeX Font Info:    Redeclaring math symbol \looparrowright on input line 81.
LaTeX Font Info:    Redeclaring math symbol \circeq on input line 82.
LaTeX Font Info:    Redeclaring math symbol \succsim on input line 83.
LaTeX Font Info:    Redeclaring math symbol \gtrsim on input line 84.
LaTeX Font Info:    Redeclaring math symbol \gtrapprox on input line 85.
LaTeX Font Info:    Redeclaring math symbol \multimap on input line 86.
LaTeX Font Info:    Redeclaring math symbol \therefore on input line 87.
LaTeX Font Info:    Redeclaring math symbol \because on input line 88.
LaTeX Font Info:    Redeclaring math symbol \doteqdot on input line 89.
LaTeX Font Info:    Redeclaring math symbol \triangleq on input line 91.
LaTeX Font Info:    Redeclaring math symbol \precsim on input line 92.
LaTeX Font Info:    Redeclaring math symbol \lesssim on input line 93.
LaTeX Font Info:    Redeclaring math symbol \lessapprox on input line 94.
LaTeX Font Info:    Redeclaring math symbol \eqslantless on input line 95.
LaTeX Font Info:    Redeclaring math symbol \eqslantgtr on input line 96.
LaTeX Font Info:    Redeclaring math symbol \curlyeqprec on input line 97.
LaTeX Font Info:    Redeclaring math symbol \curlyeqsucc on input line 98.
LaTeX Font Info:    Redeclaring math symbol \preccurlyeq on input line 99.
LaTeX Font Info:    Redeclaring math symbol \leqq on input line 100.
LaTeX Font Info:    Redeclaring math symbol \leqslant on input line 101.
LaTeX Font Info:    Redeclaring math symbol \lessgtr on input line 102.
LaTeX Font Info:    Redeclaring math symbol \backprime on input line 103.
LaTeX Font Info:    Redeclaring math symbol \risingdotseq on input line 104.
LaTeX Font Info:    Redeclaring math symbol \fallingdotseq on input line 105.
LaTeX Font Info:    Redeclaring math symbol \succcurlyeq on input line 106.
LaTeX Font Info:    Redeclaring math symbol \geqq on input line 107.
LaTeX Font Info:    Redeclaring math symbol \geqslant on input line 108.
LaTeX Font Info:    Redeclaring math symbol \gtrless on input line 109.
LaTeX Font Info:    Redeclaring math symbol \bigstar on input line 117.
LaTeX Font Info:    Redeclaring math symbol \between on input line 118.
LaTeX Font Info:    Redeclaring math symbol \blacktriangledown on input line 11
9.
LaTeX Font Info:    Redeclaring math symbol \blacktriangleright on input line 1
20.
LaTeX Font Info:    Redeclaring math symbol \blacktriangleleft on input line 12
1.
LaTeX Font Info:    Redeclaring math symbol \vartriangle on input line 122.
LaTeX Font Info:    Redeclaring math symbol \blacktriangle on input line 123.
LaTeX Font Info:    Redeclaring math symbol \triangledown on input line 124.
LaTeX Font Info:    Redeclaring math symbol \eqcirc on input line 125.
LaTeX Font Info:    Redeclaring math symbol \lesseqgtr on input line 126.
LaTeX Font Info:    Redeclaring math symbol \gtreqless on input line 127.
LaTeX Font Info:    Redeclaring math symbol \lesseqqgtr on input line 128.
LaTeX Font Info:    Redeclaring math symbol \gtreqqless on input line 129.
LaTeX Font Info:    Redeclaring math symbol \Rrightarrow on input line 130.
LaTeX Font Info:    Redeclaring math symbol \Lleftarrow on input line 131.
LaTeX Font Info:    Redeclaring math symbol \veebar on input line 132.
LaTeX Font Info:    Redeclaring math symbol \barwedge on input line 133.
LaTeX Font Info:    Redeclaring math symbol \doublebarwedge on input line 134.
LaTeX Font Info:    Redeclaring math symbol \measuredangle on input line 137.
LaTeX Font Info:    Redeclaring math symbol \sphericalangle on input line 138.
LaTeX Font Info:    Redeclaring math symbol \varpropto on input line 139.
LaTeX Font Info:    Redeclaring math symbol \smallsmile on input line 140.
LaTeX Font Info:    Redeclaring math symbol \smallfrown on input line 141.
LaTeX Font Info:    Redeclaring math symbol \Subset on input line 142.
LaTeX Font Info:    Redeclaring math symbol \Supset on input line 143.
LaTeX Font Info:    Redeclaring math symbol \Cup on input line 144.
LaTeX Font Info:    Redeclaring math symbol \Cap on input line 146.
LaTeX Font Info:    Redeclaring math symbol \curlywedge on input line 148.
LaTeX Font Info:    Redeclaring math symbol \curlyvee on input line 149.
LaTeX Font Info:    Redeclaring math symbol \leftthreetimes on input line 150.
LaTeX Font Info:    Redeclaring math symbol \rightthreetimes on input line 151.

LaTeX Font Info:    Redeclaring math symbol \subseteqq on input line 152.
LaTeX Font Info:    Redeclaring math symbol \supseteqq on input line 153.
LaTeX Font Info:    Redeclaring math symbol \bumpeq on input line 154.
LaTeX Font Info:    Redeclaring math symbol \Bumpeq on input line 155.
LaTeX Font Info:    Redeclaring math symbol \lll on input line 156.
LaTeX Font Info:    Redeclaring math symbol \ggg on input line 158.
LaTeX Font Info:    Redeclaring math symbol \circledS on input line 160.
LaTeX Font Info:    Redeclaring math symbol \pitchfork on input line 161.
LaTeX Font Info:    Redeclaring math symbol \dotplus on input line 162.
LaTeX Font Info:    Redeclaring math symbol \backsim on input line 163.
LaTeX Font Info:    Redeclaring math symbol \backsimeq on input line 164.
LaTeX Font Info:    Redeclaring math symbol \complement on input line 165.
LaTeX Font Info:    Redeclaring math symbol \intercal on input line 166.
LaTeX Font Info:    Redeclaring math symbol \circledcirc on input line 167.
LaTeX Font Info:    Redeclaring math symbol \circledast on input line 168.
LaTeX Font Info:    Redeclaring math symbol \circleddash on input line 169.
LaTeX Font Info:    Redeclaring math symbol \lvertneqq on input line 171.
LaTeX Font Info:    Redeclaring math symbol \gvertneqq on input line 172.
LaTeX Font Info:    Redeclaring math symbol \nleq on input line 173.
LaTeX Font Info:    Redeclaring math symbol \ngeq on input line 174.
LaTeX Font Info:    Redeclaring math symbol \nless on input line 175.
LaTeX Font Info:    Redeclaring math symbol \ngtr on input line 176.
LaTeX Font Info:    Redeclaring math symbol \nprec on input line 177.
LaTeX Font Info:    Redeclaring math symbol \nsucc on input line 178.
LaTeX Font Info:    Redeclaring math symbol \lneqq on input line 179.
LaTeX Font Info:    Redeclaring math symbol \gneqq on input line 180.
LaTeX Font Info:    Redeclaring math symbol \nleqslant on input line 181.
LaTeX Font Info:    Redeclaring math symbol \ngeqslant on input line 182.
LaTeX Font Info:    Redeclaring math symbol \lneq on input line 183.
LaTeX Font Info:    Redeclaring math symbol \gneq on input line 184.
LaTeX Font Info:    Redeclaring math symbol \npreceq on input line 185.
LaTeX Font Info:    Redeclaring math symbol \nsucceq on input line 186.
LaTeX Font Info:    Redeclaring math symbol \precnsim on input line 187.
LaTeX Font Info:    Redeclaring math symbol \succnsim on input line 188.
LaTeX Font Info:    Redeclaring math symbol \lnsim on input line 189.
LaTeX Font Info:    Redeclaring math symbol \gnsim on input line 190.
LaTeX Font Info:    Redeclaring math symbol \nleqq on input line 191.
LaTeX Font Info:    Redeclaring math symbol \ngeqq on input line 192.
LaTeX Font Info:    Redeclaring math symbol \precneqq on input line 193.
LaTeX Font Info:    Redeclaring math symbol \succneqq on input line 194.
LaTeX Font Info:    Redeclaring math symbol \precnapprox on input line 195.
LaTeX Font Info:    Redeclaring math symbol \succnapprox on input line 196.
LaTeX Font Info:    Redeclaring math symbol \lnapprox on input line 197.
LaTeX Font Info:    Redeclaring math symbol \gnapprox on input line 198.
LaTeX Font Info:    Redeclaring math symbol \nsim on input line 199.
LaTeX Font Info:    Redeclaring math symbol \ncong on input line 200.
LaTeX Font Info:    Redeclaring math symbol \diagup on input line 201.
LaTeX Font Info:    Redeclaring math symbol \diagdown on input line 202.
LaTeX Font Info:    Redeclaring math symbol \varsubsetneq on input line 203.
LaTeX Font Info:    Redeclaring math symbol \varsupsetneq on input line 204.
LaTeX Font Info:    Redeclaring math symbol \nsubseteqq on input line 205.
LaTeX Font Info:    Redeclaring math symbol \nsupseteqq on input line 206.
LaTeX Font Info:    Redeclaring math symbol \subsetneqq on input line 207.
LaTeX Font Info:    Redeclaring math symbol \supsetneqq on input line 208.
LaTeX Font Info:    Redeclaring math symbol \varsubsetneqq on input line 209.
LaTeX Font Info:    Redeclaring math symbol \varsupsetneqq on input line 210.
LaTeX Font Info:    Redeclaring math symbol \subsetneq on input line 211.
LaTeX Font Info:    Redeclaring math symbol \supsetneq on input line 212.
LaTeX Font Info:    Redeclaring math symbol \nsubseteq on input line 213.
LaTeX Font Info:    Redeclaring math symbol \nsupseteq on input line 214.
LaTeX Font Info:    Redeclaring math symbol \nparallel on input line 215.
LaTeX Font Info:    Redeclaring math symbol \nmid on input line 216.
LaTeX Font Info:    Redeclaring math symbol \nshortmid on input line 217.
LaTeX Font Info:    Redeclaring math symbol \nshortparallel on input line 218.
LaTeX Font Info:    Redeclaring math symbol \nvdash on input line 219.
LaTeX Font Info:    Redeclaring math symbol \nVdash on input line 220.
LaTeX Font Info:    Redeclaring math symbol \nvDash on input line 221.
LaTeX Font Info:    Redeclaring math symbol \nVDash on input line 222.
LaTeX Font Info:    Redeclaring math symbol \ntrianglerighteq on input line 223
.
LaTeX Font Info:    Redeclaring math symbol \ntrianglelefteq on input line 224.

LaTeX Font Info:    Redeclaring math symbol \ntriangleleft on input line 225.
LaTeX Font Info:    Redeclaring math symbol \ntriangleright on input line 226.
LaTeX Font Info:    Redeclaring math symbol \nleftarrow on input line 227.
LaTeX Font Info:    Redeclaring math symbol \nrightarrow on input line 228.
LaTeX Font Info:    Redeclaring math symbol \nLeftarrow on input line 229.
LaTeX Font Info:    Redeclaring math symbol \nRightarrow on input line 230.
LaTeX Font Info:    Redeclaring math symbol \nLeftrightarrow on input line 231.

LaTeX Font Info:    Redeclaring math symbol \nleftrightarrow on input line 232.

LaTeX Font Info:    Redeclaring math symbol \divideontimes on input line 233.
LaTeX Font Info:    Redeclaring math symbol \varnothing on input line 234.
LaTeX Font Info:    Redeclaring math symbol \nexists on input line 235.
LaTeX Font Info:    Redeclaring math symbol \Finv on input line 236.
LaTeX Font Info:    Redeclaring math symbol \Game on input line 237.
LaTeX Font Info:    Redeclaring math symbol \eth on input line 240.
LaTeX Font Info:    Redeclaring math symbol \eqsim on input line 241.
LaTeX Font Info:    Redeclaring math symbol \beth on input line 242.
LaTeX Font Info:    Redeclaring math symbol \gimel on input line 243.
LaTeX Font Info:    Redeclaring math symbol \daleth on input line 244.
LaTeX Font Info:    Redeclaring math symbol \lessdot on input line 245.
LaTeX Font Info:    Redeclaring math symbol \gtrdot on input line 246.
LaTeX Font Info:    Redeclaring math symbol \ltimes on input line 247.
LaTeX Font Info:    Redeclaring math symbol \rtimes on input line 248.
LaTeX Font Info:    Redeclaring math symbol \shortmid on input line 249.
LaTeX Font Info:    Redeclaring math symbol \shortparallel on input line 250.
LaTeX Font Info:    Redeclaring math symbol \smallsetminus on input line 251.
LaTeX Font Info:    Redeclaring math symbol \thicksim on input line 252.
LaTeX Font Info:    Redeclaring math symbol \thickapprox on input line 253.
LaTeX Font Info:    Redeclaring math symbol \approxeq on input line 254.
LaTeX Font Info:    Redeclaring math symbol \succapprox on input line 255.
LaTeX Font Info:    Redeclaring math symbol \precapprox on input line 256.
LaTeX Font Info:    Redeclaring math symbol \curvearrowleft on input line 257.
LaTeX Font Info:    Redeclaring math symbol \curvearrowright on input line 258.

LaTeX Font Info:    Redeclaring math symbol \digamma on input line 259.
LaTeX Font Info:    Redeclaring math symbol \varkappa on input line 260.
LaTeX Font Info:    Redeclaring math symbol \Bbbk on input line 261.
LaTeX Font Info:    Redeclaring math symbol \hslash on input line 262.
LaTeX Font Info:    Redeclaring math symbol \backepsilon on input line 265.
)
("C:\Program Files\MiKTeX 2.9\tex\latex\was\gensymb.sty"
Package: gensymb 2003/07/02 v1.0 (WaS)
)
("C:\Program Files\MiKTeX 2.9\tex\latex\amsmath\amsmath.sty"
Package: amsmath 2016/11/05 v2.16a AMS math features
\@mathmargin=\skip58

For additional information on amsmath, use the `?' option.
("C:\Program Files\MiKTeX 2.9\tex\latex\amsmath\amstext.sty"
Package: amstext 2000/06/29 v2.01 AMS text

("C:\Program Files\MiKTeX 2.9\tex\latex\amsmath\amsgen.sty"
File: amsgen.sty 1999/11/30 v2.0 generic functions
\@emptytoks=\toks19
\ex@=\dimen124
))
("C:\Program Files\MiKTeX 2.9\tex\latex\amsmath\amsbsy.sty"
Package: amsbsy 1999/11/29 v1.2d Bold Symbols
\pmbraise@=\dimen125
)
("C:\Program Files\MiKTeX 2.9\tex\latex\amsmath\amsopn.sty"
Package: amsopn 2016/03/08 v2.02 operator names
)
\inf@bad=\count100
LaTeX Info: Redefining \frac on input line 213.
\uproot@=\count101
\leftroot@=\count102
LaTeX Info: Redefining \overline on input line 375.
\classnum@=\count103
\DOTSCASE@=\count104
LaTeX Info: Redefining \ldots on input line 472.
LaTeX Info: Redefining \dots on input line 475.
LaTeX Info: Redefining \cdots on input line 596.
\Mathstrutbox@=\box32
\strutbox@=\box33
\big@size=\dimen126
LaTeX Font Info:    Redeclaring font encoding OML on input line 712.
LaTeX Font Info:    Redeclaring font encoding OMS on input line 713.
\macc@depth=\count105
\c@MaxMatrixCols=\count106
\dotsspace@=\muskip10
\c@parentequation=\count107
\dspbrk@lvl=\count108
\tag@help=\toks20
\row@=\count109
\column@=\count110
\maxfields@=\count111
\andhelp@=\toks21
\eqnshift@=\dimen127
\alignsep@=\dimen128
\tagshift@=\dimen129
\tagwidth@=\dimen130
\totwidth@=\dimen131
\lineht@=\dimen132
\@envbody=\toks22
\multlinegap=\skip59
\multlinetaggap=\skip60
\mathdisplay@stack=\toks23
LaTeX Info: Redefining \[ on input line 2817.
LaTeX Info: Redefining \] on input line 2818.
) (rotating.sty
Package: rotating 2009/03/28 v2.16a rotated objects in LaTeX

("C:\Program Files\MiKTeX 2.9\tex\latex\base\ifthen.sty"
Package: ifthen 2014/09/29 v1.1c Standard LaTeX ifthen package (DPC)
)
\c@r@tfl@t=\count112
\rotFPtop=\skip61
\rotFPbot=\skip62
\rot@float@box=\box34
\rot@mess@toks=\toks24
)
("data based optimization.aux")
\openout1 = `"data based optimization.aux"'.

LaTeX Font Info:    Checking defaults for OML/txmi/m/it on input line 130.
LaTeX Font Info:    Try loading font information for OML+txmi on input line 130
.

("C:\Program Files\MiKTeX 2.9\tex\latex\txfonts\omltxmi.fd"
File: omltxmi.fd 2000/12/15 v3.1
)
LaTeX Font Info:    ... okay on input line 130.
LaTeX Font Info:    Checking defaults for T1/cmr/m/n on input line 130.
LaTeX Font Info:    ... okay on input line 130.
LaTeX Font Info:    Checking defaults for OT1/cmr/m/n on input line 130.
LaTeX Font Info:    ... okay on input line 130.
LaTeX Font Info:    Checking defaults for OMS/txsy/m/n on input line 130.
LaTeX Font Info:    Try loading font information for OMS+txsy on input line 130
.

("C:\Program Files\MiKTeX 2.9\tex\latex\txfonts\omstxsy.fd"
File: omstxsy.fd 2000/12/15 v3.1
)
LaTeX Font Info:    ... okay on input line 130.
LaTeX Font Info:    Checking defaults for OMX/txex/m/n on input line 130.
LaTeX Font Info:    Try loading font information for OMX+txex on input line 130
.

("C:\Program Files\MiKTeX 2.9\tex\latex\txfonts\omxtxex.fd"
File: omxtxex.fd 2000/12/15 v3.1
)
LaTeX Font Info:    ... okay on input line 130.
LaTeX Font Info:    Checking defaults for U/txexa/m/n on input line 130.
LaTeX Font Info:    Try loading font information for U+txexa on input line 130.


("C:\Program Files\MiKTeX 2.9\tex\latex\txfonts\utxexa.fd"
File: utxexa.fd 2000/12/15 v3.1
)
LaTeX Font Info:    ... okay on input line 130.
LaTeX Font Info:    Try loading font information for OT1+txr on input line 130.


("C:\Program Files\MiKTeX 2.9\tex\latex\txfonts\ot1txr.fd"
File: ot1txr.fd 2000/12/15 v3.1
)
("C:\Program Files\MiKTeX 2.9\tex\context\base\supp-pdf.mkii"
[Loading MPS to PDF converter (version 2006.09.02).]
\scratchcounter=\count113
\scratchdimen=\dimen133
\scratchbox=\box35
\nofMPsegments=\count114
\nofMParguments=\count115
\everyMPshowfont=\toks25
\MPscratchCnt=\count116
\MPscratchDim=\dimen134
\MPnumerator=\count117
\makeMPintoPDFobject=\count118
\everyMPtoPDFconversion=\toks26
) ("C:\Program Files\MiKTeX 2.9\tex\generic\oberdiek\pdftexcmds.sty"
Package: pdftexcmds 2017/03/19 v0.25 Utility functions of pdfTeX for LuaTeX (HO
)

("C:\Program Files\MiKTeX 2.9\tex\generic\oberdiek\ifluatex.sty"
Package: ifluatex 2016/05/16 v1.4 Provides the ifluatex switch (HO)
Package ifluatex Info: LuaTeX not detected.
)
Package pdftexcmds Info: LuaTeX not detected.
Package pdftexcmds Info: \pdf@primitive is available.
Package pdftexcmds Info: \pdf@ifprimitive is available.
Package pdftexcmds Info: \pdfdraftmode found.
)
("C:\Program Files\MiKTeX 2.9\tex\latex\oberdiek\epstopdf-base.sty"
Package: epstopdf-base 2016/05/15 v2.6 Base part for package epstopdf

("C:\Program Files\MiKTeX 2.9\tex\latex\oberdiek\grfext.sty"
Package: grfext 2016/05/16 v1.2 Manage graphics extensions (HO)

("C:\Program Files\MiKTeX 2.9\tex\generic\oberdiek\kvdefinekeys.sty"
Package: kvdefinekeys 2016/05/16 v1.4 Define keys (HO)
))
("C:\Program Files\MiKTeX 2.9\tex\latex\oberdiek\kvoptions.sty"
Package: kvoptions 2016/05/16 v3.12 Key value format for package options (HO)

("C:\Program Files\MiKTeX 2.9\tex\generic\oberdiek\kvsetkeys.sty"
Package: kvsetkeys 2016/05/16 v1.17 Key value parser (HO)

("C:\Program Files\MiKTeX 2.9\tex\generic\oberdiek\etexcmds.sty"
Package: etexcmds 2016/05/16 v1.6 Avoid name clashes with e-TeX commands (HO)
Package etexcmds Info: Could not find \expanded.
(etexcmds)             That can mean that you are not using pdfTeX 1.50 or
(etexcmds)             that some package has redefined \expanded.
(etexcmds)             In the latter case, load this package earlier.
)))
Package epstopdf-base Info: Redefining graphics rule for `.eps' on input line 4
38.
Package grfext Info: Graphics extension search list:
(grfext)             [.png,.pdf,.jpg,.mps,.jpeg,.jbig2,.jb2,.PNG,.PDF,.JPG,.JPE
G,.JBIG2,.JB2,.eps]
(grfext)             \AppendGraphicsExtensions on input line 456.
)
*geometry* driver: auto-detecting
*geometry* detected driver: pdftex
*geometry* verbose mode - [ preamble ] result:
* driver: pdftex
* paper: custom
* layout: <same size as paper>
* layoutoffset:(h,v)=(0.0pt,0.0pt)
* hratio: 1:1
* vratio: 1:1
* modes: 
* h-part:(L,W,R)=(42.67912pt, 522.0pt, 32.82875pt)
* v-part:(T,H,B)=(68.18pt, 730.0pt, 46.86685pt)
* \paperwidth=597.50787pt
* \paperheight=845.04684pt
* \textwidth=522.0pt
* \textheight=730.0pt
* \oddsidemargin=-29.59087pt
* \evensidemargin=-39.44124pt
* \topmargin=-37.84216pt
* \headheight=10.0pt
* \headsep=12.0pt
* \topskip=10.0pt
* \footskip=12.0pt
* \marginparwidth=48.0pt
* \marginparsep=10.0pt
* \columnsep=18.0pt
* \skip\footins=24.0pt
* \hoffset=0.0pt
* \voffset=0.0pt
* \mag=1000
* \@twocolumntrue
* \@twosidefalse
* \@mparswitchfalse
* \@reversemarginfalse
* (1in=72.27pt=25.4mm, 1cm=28.453pt)

LaTeX Info: Redefining \celsius on input line 130.
Package gensymb Info: Faking symbols for \degree and \celsius on input line 130
.

Package gensymb Warning: Not defining \perthousand.

LaTeX Info: Redefining \ohm on input line 130.
Package gensymb Info: Using \Omega for \ohm on input line 130.

Package gensymb Warning: Not defining \micro.

LaTeX Font Info:    Try loading font information for OMS+txr on input line 179.

("C:\Program Files\MiKTeX 2.9\tex\latex\txfonts\omstxr.fd"
File: omstxr.fd 2000/12/15 v3.1
)
LaTeX Font Info:    Font shape `OMS/txr/m/n' in size <9> not available
(Font)              Font shape `OMS/txsy/m/n' tried instead on input line 179.
LaTeX Font Info:    Try loading font information for U+txmia on input line 193.


("C:\Program Files\MiKTeX 2.9\tex\latex\txfonts\utxmia.fd"
File: utxmia.fd 2000/12/15 v3.1
)
LaTeX Font Info:    Try loading font information for U+msa on input line 193.

("C:\Program Files\MiKTeX 2.9\tex\latex\amsfonts\umsa.fd"
File: umsa.fd 2013/01/14 v3.01 AMS symbols A
)
LaTeX Font Info:    Try loading font information for U+msb on input line 193.

("C:\Program Files\MiKTeX 2.9\tex\latex\amsfonts\umsb.fd"
File: umsb.fd 2013/01/14 v3.01 AMS symbols B
)
LaTeX Font Info:    Try loading font information for U+txsyc on input line 193.


("C:\Program Files\MiKTeX 2.9\tex\latex\txfonts\utxsyc.fd"
File: utxsyc.fd 2000/12/15 v3.1
)
LaTeX Font Info:    Calculating math sizes for size <13> on input line 193.
Missing character: There is no ‚ in font txr!
Missing character: There is no Ä in font txr!
Missing character: There is no ô in font txr!


Package natbib Warning: Citation `Eurostata' on page 1 undefined on input line 
208.


Underfull \vbox (badness 10000) has occurred while \output is active []



Package natbib Warning: Citation `Leobner2015' on page 1 undefined on input lin
e 212.


Underfull \hbox (badness 5359) in paragraph at lines 212--214
\OT1/txr/m/n/10 BaMa con-sists of two main parts: First, the BaMa
 []


Underfull \hbox (badness 6961) in paragraph at lines 212--214
\OT1/txr/m/n/10 tool chain en-abling the in-ves-ti-ga-tion and op-ti-miza-tion
 []


Underfull \hbox (badness 4072) in paragraph at lines 212--214
\OT1/txr/m/n/10 of a given pro-duc-tion plant. Sec-ond, a method for
 []


Underfull \hbox (badness 7291) in paragraph at lines 212--214
\OT1/txr/m/n/10 a thor-ough anal-y-sis of any given pro-duc-tion fa-cil-ity.
 []


Underfull \hbox (badness 1259) in paragraph at lines 212--214
\OT1/txr/m/n/10 This method is the ba-sis for the tool chain and a stan-
 []


Underfull \hbox (badness 10000) in paragraph at lines 212--214

 []

<elsevier-logo-3p.pdf, id=1, 54.08205pt x 59.7432pt>
File: elsevier-logo-3p.pdf Graphic file (type pdf)

<use elsevier-logo-3p.pdf>
Package pdftex.def Info: elsevier-logo-3p.pdf used on input line 214.
(pdftex.def)             Requested size: 54.0819pt x 59.74303pt.
LaTeX Font Info:    Try loading font information for OT1+txss on input line 214
.

("C:\Program Files\MiKTeX 2.9\tex\latex\txfonts\ot1txss.fd"
File: ot1txss.fd 2000/12/15 v3.1
)
LaTeX Font Info:    Font shape `OT1/txss/m/n' will be
(Font)              scaled to size 8.54997pt on input line 214.

<svsd-3p.pdf, id=2, 212.96263pt x 102.04825pt>
File: svsd-3p.pdf Graphic file (type pdf)
 <use svsd-3p.pdf>
Package pdftex.def Info: svsd-3p.pdf used on input line 214.
(pdftex.def)             Requested size: 212.96211pt x 102.04799pt.

<procir.pdf, id=3, 80.9424pt x 59.83955pt>
File: procir.pdf Graphic file (type pdf)
 <use procir.pdf>
Package pdftex.def Info: procir.pdf used on input line 214.
(pdftex.def)             Requested size: 80.9422pt x 59.8394pt.

Overfull \hbox (1.7422pt too wide) has occurred while \output is active
[]| [] 
 []

File: elsevier-logo-3p.pdf Graphic file (type pdf)
<use elsevier-logo-3p.pdf>
Package pdftex.def Info: elsevier-logo-3p.pdf used on input line 214.
(pdftex.def)             Requested size: 54.0819pt x 59.74303pt.
File: svsd-3p.pdf Graphic file (type pdf)
 <use svsd-3p.pdf>
Package pdftex.def Info: svsd-3p.pdf used on input line 214.
(pdftex.def)             Requested size: 212.96211pt x 102.04799pt.
File: procir.pdf Graphic file (type pdf)
 <use procir.pdf>
Package pdftex.def Info: procir.pdf used on input line 214.
(pdftex.def)             Requested size: 80.9422pt x 59.8394pt.

Overfull \hbox (1.7422pt too wide) has occurred while \output is active
[]| [] 
 []


Overfull \vbox (52.74303pt too high) has occurred while \output is active []

LaTeX Font Info:    Font shape `OMS/txr/m/n' in size <8> not available
(Font)              Font shape `OMS/txsy/m/n' tried instead on input line 214.

Overfull \vbox (25.45999pt too high) has occurred while \output is active []


[1{C:/ProgramData/MiKTeX/2.9/pdftex/config/pdftex.map}


 <./elsevier-logo-3p.pdf> <./svsd-3p.pdf> <./procir.pdf>]
<figures/Architecture_new.pdf, id=38, 722.7pt x 542.025pt>
File: figures/Architecture_new.pdf Graphic file (type pdf)

<use figures/Architecture_new.pdf>
Package pdftex.def Info: figures/Architecture_new.pdf used on input line 218.
(pdftex.def)             Requested size: 261.0pt x 195.74915pt.

Overfull \hbox (9.0pt too wide) in paragraph at lines 218--219
[][] 
 []


Underfull \hbox (badness 10000) in paragraph at lines 216--223
[]\OT1/txr/m/n/10 The BaMa Tool Chain con-tains three core mod-
 []

LaTeX Font Info:    Font shape `OMS/txr/m/n' in size <10> not available
(Font)              Font shape `OMS/txsy/m/n' tried instead on input line 223.

Package natbib Warning: Citation `monostori_cyber-physical_2014' on page 2 unde
fined on input line 223.


Underfull \hbox (badness 10000) in paragraph at lines 223--224
[]\OT1/txr/m/n/10 Monitoring: Struc-tural plant in-for-ma-tion,
 []


Underfull \hbox (badness 1360) in paragraph at lines 223--224
\OT1/txr/m/n/10 doc-u-ments, which makes BaMa com-pat-i-ble with the
 []


Package natbib Warning: Citation `Balci2012' on page 2 undefined on input line 
231.


Package natbib Warning: Citation `Setavoraphan2008' on page 2 undefined on inpu
t line 231.


Package natbib Warning: Citation `Schatten2010' on page 2 undefined on input li
ne 232.


LaTeX Warning: Reference `FIG_ERM' on page 2 undefined on input line 234.


Underfull \hbox (badness 10000) in paragraph at lines 231--236
\OT1/txr/m/n/10 The de-com-po-si-tion into smaller parts fol-low-ing the
 []


Underfull \hbox (badness 3965) in paragraph at lines 231--236
\OT1/txr/m/n/10 divide-and-conquer prin-ci-ple makes it pos-si-ble to reuse
 []


Underfull \hbox (badness 1152) in paragraph at lines 231--236
\OT1/txr/m/n/10 Therefore, cube bound-aries are of course vir-tual bor-ders.
 []

[2 <./figures/Architecture_new.pdf>]
Underfull \hbox (badness 10000) detected at line 240
[]
 []


Underfull \hbox (badness 10000) detected at line 265
[]
 []

Missing character: There is no ‚ in font txr!
Missing character: There is no Ä in font txr!
Missing character: There is no ô in font txr!

Underfull \hbox (badness 10000) detected at line 307
[]
 []


Overfull \hbox (11.09613pt too wide) in alignment at lines 308--327
[] [] [] [] [] [] [] [] [][][][][][][][][][]
 []


Overfull \hbox (4.0pt too wide) has occurred while \output is active
$[]$\OT1/txr/m/n/8 3
 []

[3] <figures/modelstructure.png, id=77, 566.71725pt x 368.577pt>
File: figures/modelstructure.png Graphic file (type png)

<use figures/modelstructure.png>
Package pdftex.def Info: figures/modelstructure.png used on input line 340.
(pdftex.def)             Requested size: 252.0pt x 163.89532pt.
Missing character: There is no ‚ in font txr!
Missing character: There is no Ä in font txr!
Missing character: There is no ú in font txr!
Missing character: There is no ‚ in font txr!
Missing character: There is no Ä in font txr!
Missing character: There is no ù in font txr!
Missing character: There is no Ã in font txr!
Missing character: There is no á in font txr!
Missing character: There is no ‚ in font txr!
Missing character: There is no â in font txr!
Missing character: There is no à in font txr!
 [4 <./figures/modelstructure.png>]
Missing character: There is no ¬ in font txr!
Missing character: There is no ¥ in font txr!

Underfull \hbox (badness 10000) detected at line 483
[]
 []


Overfull \hbox (6.92017pt too wide) in alignment at lines 485--499
[] [] [] [] [] [] [] [] [] [] [][][][][][][][][][][][][][][][][]
 []


Underfull \hbox (badness 10000) detected at line 506
[]
 []

("data based optimization.bbl"
Underfull \hbox (badness 3375) in paragraph at lines 17--21
[]\OT1/txr/m/n/8 Bonneville, E., Ri-alhe, A.: Good prac-tice for en-ergy ef-fi-
ciency
 []


Underfull \hbox (badness 2460) in paragraph at lines 17--21
\OT1/txr/m/n/8 in in-dus-try (2006).  URL https://leonardo-energy.org/sites/leo
nardo-
 []

Missing character: There is no ‚ in font txr!
Missing character: There is no Ä in font txr!
Missing character: There is no ì in font txr!

Underfull \hbox (badness 4391) in paragraph at lines 23--30
[]\OT1/txr/m/n/8 Bunse, K., Vod-icka, M., Sch[]onsleben, P., Br[]ulhart, M., Er
nst,
 []


Underfull \hbox (badness 10000) in paragraph at lines 23--30
\OT1/txr/m/n/8 F.O.: In-te-grat-ing en-ergy ef-fi-ciency per-for-mance in pro-d
uc-
 []


Underfull \hbox (badness 10000) in paragraph at lines 23--30
\OT1/txr/m/n/8 tion man-age-ment  gap anal-y-sis be-tween in-dus-trial needs an
d
 []


Underfull \hbox (badness 10000) in paragraph at lines 23--30
\OT1/txr/m/n/8 sci-en-tific lit-er-a-ture.  Jour-nal of Cleaner Pro-duc-tion \O
T1/txr/bx/n/8 19\OT1/txr/m/n/8 (6-7),
 []


Underfull \hbox (badness 10000) in paragraph at lines 23--30
\OT1/txr/m/n/8 667--679 (2011).  DOI 10.1016/j.jclepro.2010.11.011.  URL
 []


Overfull \hbox (4.0pt too wide) has occurred while \output is active
$[]$\OT1/txr/m/n/8 5
 []

[5]
Underfull \hbox (badness 1112) in paragraph at lines 38--43
\OT1/txr/m/n/8 J., Kara, S., Hauschild, M., Kel-lens, K.: To-wards en-ergy and 
re-
 []


Underfull \hbox (badness 1460) in paragraph at lines 38--43
\OT1/txr/m/n/8 source ef-fi-cient man-u-fac-tur-ing: A pro-cesses and sys-tems 
ap-proach.
 []

Missing character: There is no ‚ in font txr!
Missing character: There is no Ä in font txr!
Missing character: There is no ì in font txr!

Underfull \hbox (badness 10000) in paragraph at lines 45--51
[]\OT1/txr/m/n/8 Herrmann, C., Thiede, S., Kara, S., Hes-sel-bach, J.: En-
 []


Underfull \hbox (badness 10000) in paragraph at lines 45--51
\OT1/txr/m/n/8 ergy ori-ented sim-u-la-tion of man-u-fac-tur-ing sys-tems  Con-
cept
 []


Underfull \hbox (badness 10000) in paragraph at lines 45--51
\OT1/txr/m/n/8 and ap-pli-ca-tion.  CIRP An-nals - Man-u-fac-tur-ing Tech-nol-o
gy
 []


Underfull \hbox (badness 5667) in paragraph at lines 45--51
\OT1/txr/bx/n/8 60\OT1/txr/m/n/8 (1), 45--48 (2011).  DOI 10.1016/j.cirp.2011.0
3.127.  URL
 []


Underfull \hbox (badness 4739) in paragraph at lines 53--60
[]\OT1/txr/m/n/8 Hesselbach, J., Her-rmann, C., Det-zer, R., Mar-tin, L., Thied
e,
 []


Underfull \hbox (badness 10000) in paragraph at lines 53--60
\OT1/txr/m/n/8 S., L[]udemann, B.: En-ergy Ef-fi-ciency through op-ti-mized co-

 []


Underfull \hbox (badness 6893) in paragraph at lines 53--60
\OT1/txr/m/n/8 or-di-na-tion of pro-duc-tion and tech-ni-cal build-ing ser-vice
s.  In:
 []


Underfull \hbox (badness 10000) in paragraph at lines 53--60
\OT1/txr/m/n/8 Con-fer-ence Pro-ceed-ings LCE2008 - 15th CIRP In-ter-na-tional
 []


Underfull \hbox (badness 6825) in paragraph at lines 53--60
\OT1/txr/m/n/8 Con-fer-ence on Li fe Cy-cle En-gi-neeringi, pp. 624--628 (2008)
.
 []


Underfull \hbox (badness 10000) in paragraph at lines 53--60
\OT1/txr/m/n/8 URL http://www.enopa.de/fileadmin/user%7B[]%7Dupload/08-
 []


Overfull \hbox (85.00006pt too wide) in paragraph at lines 53--60
\OT1/txr/m/n/8 11Hesselbach%7B[]%7D%7B[]%7DHerrmann%7B[]%7Det.%7B[]%7Dal.%7B[]%
7D2008%7B[]%7D-
 []


Overfull \hbox (103.81604pt too wide) in paragraph at lines 53--60
\OT1/txr/m/n/8 %7B[]%7DEnergy%7B[]%7DEfficiency%7B[]%7Dthrough%7B[]%7Doptimized
%7B[]%7Dcoordination.pdf 
 []


Underfull \hbox (badness 1092) in paragraph at lines 62--68
[]\OT1/txr/m/n/8 Hu, S., Liu, F., He, Y., Hu, T.: An on-line ap-proach for en-e
rgy
 []


Underfull \hbox (badness 1852) in paragraph at lines 87--93
\OT1/txr/m/n/8 te-rial re-moval pro-cesses.  CIRP An-nals - Man-u-fac-tur-ing T
ech-nol-
 []


Underfull \hbox (badness 1360) in paragraph at lines 87--93
\OT1/txr/m/n/8 ogy \OT1/txr/bx/n/8 60\OT1/txr/m/n/8 (1), 37--40 (2011).  DOI 10
.1016/j.cirp.2011.03.018.  URL
 []

Missing character: There is no ‚ in font txr!
Missing character: There is no Ä in font txr!
Missing character: There is no ì in font txr!

Overfull \hbox (83.448pt too wide) in paragraph at lines 95--102
\OT1/txr/m/n/8 http://hrcak.srce.hr/index.php?show=clanak%7B&%7Did%7B[]%7Dclana
k%7B[]%7Djezik=158086 
 []


Underfull \hbox (badness 3769) in paragraph at lines 104--111
[]\OT1/txr/m/n/8 May, G., Bar-letta, I., Stahl, B., Taisch, M.: En-ergy man-age
-
 []


Underfull \hbox (badness 6575) in paragraph at lines 104--111
\OT1/txr/m/n/8 ment in pro-duc-tion: A novel method to de-velop key per-for-
 []


Underfull \hbox (badness 1210) in paragraph at lines 104--111
\OT1/txr/m/n/8 mance in-di-ca-tors for im-prov-ing en-ergy ef-fi-ciency.  Ap-pl
ied En-ergy
 []


Underfull \hbox (badness 2443) in paragraph at lines 104--111
\OT1/txr/bx/n/8 149\OT1/txr/m/n/8 , 46--61 (2015).  DOI 10.1016/j.apenergy.2015
.03.065.  URL
 []


Underfull \hbox (badness 10000) in paragraph at lines 141--147
[]\OT1/txr/m/n/8 Salonitis, K., Ball, P.: En-ergy Ef-fi-cient Man-u-fac-tur-ing
 from
 []


Underfull \hbox (badness 6063) in paragraph at lines 141--147
\OT1/txr/m/n/8 Ma-chine Tools to Man-u-fac-tur-ing Sys-tems.  Pro-ce-dia CIRP \
OT1/txr/bx/n/8 7\OT1/txr/m/n/8 ,
 []


Underfull \hbox (badness 10000) in paragraph at lines 141--147
\OT1/txr/m/n/8 634--639 (2013).  DOI 10.1016/j.procir.2013.06.045.  URL
 []

)

Package natbib Warning: There were undefined citations.

[6] ("data based optimization.aux")

LaTeX Warning: There were undefined references.

 ) 
Here is how much of TeX's memory you used:
 4465 strings out of 493323
 58390 string characters out of 3139057
 142772 words of memory out of 3000000
 7842 multiletter control sequences out of 15000+200000
 62988 words of font info for 152 fonts, out of 3000000 for 9000
 1141 hyphenation exceptions out of 8191
 39i,16n,43p,1848b,340s stack positions out of 5000i,500n,10000p,200000b,50000s
{C:/Program Files/MiKTeX 2.9/fonts/enc/dvips/base/8r.enc}<C:/Program Files/Mi
KTeX 2.9/fonts/type1/public/txfonts/rtxi.pfb><C:/Program Files/MiKTeX 2.9/fonts
/type1/public/txfonts/rtxmi.pfb><C:/Program Files/MiKTeX 2.9/fonts/type1/public
/txfonts/rtxr.pfb><C:/Program Files/MiKTeX 2.9/fonts/type1/public/txfonts/txex.
pfb><C:/Program Files/MiKTeX 2.9/fonts/type1/public/txfonts/txsy.pfb><C:/Progra
m Files/MiKTeX 2.9/fonts/type1/urw/helvetic/uhvr8a.pfb><C:/Program Files/MiKTeX
 2.9/fonts/type1/urw/times/utmb8a.pfb><C:/Program Files/MiKTeX 2.9/fonts/type1/
urw/times/utmr8a.pfb><C:/Program Files/MiKTeX 2.9/fonts/type1/urw/times/utmri8a
.pfb>
Output written on "data based optimization.pdf" (6 pages, 683439 bytes).
PDF statistics:
 116 PDF objects out of 1000 (max. 8388607)
 0 named destinations out of 1000 (max. 500000)
 26 words of extra memory for PDF output out of 10000 (max. 10000000)

